Added Component: Designator=Q1(SOT23-3_ONS-M)
Add component (AddParameter): Name = "ComponentLink1Description"; Value = "Manufacturer URL"; VariantName = "[No Variations]"
Add component (AddParameter): Name = "ComponentLink1URL"; Value = "http://www.infineon.com/"; VariantName = "[No Variations]"
Add component (AddParameter): Name = "ComponentLink2Description"; Value = "Datasheet"; VariantName = "[No Variations]"
Add component (AddParameter): Name = "ComponentLink2URL"; Value = "http://www.infineon.com/dgdl/bc847series_bc848series_bc849series_bc850series.pdf?folderId=db3a304314dca389011541d30fa21656&fileId=db3a304314dca389011541d4630a1657"; VariantName = "[No Variations]"
Add component (AddParameter): Name = "ComponentLink3Description"; Value = "Package Specification"; VariantName = "[No Variations]"
Add component (AddParameter): Name = "ComponentLink3URL"; Value = "http://www.infineon.com/dgdl/SOT23-Package_Overview.pdf?folderId=db3a30431936bc4b0119532290053c66&fileId=db3a30431936bc4b0119533468123c85"; VariantName = "[No Variations]"
Add component (AddParameter): Name = "fT (typ)"; Value = "250A MHz"; VariantName = "[No Variations]"
Add component (AddParameter): Name = "Green"; Value = "TRUE"; VariantName = "[No Variations]"
Add component (AddParameter): Name = "IBM (max)"; Value = "200A mA"; VariantName = "[No Variations]"
Add component (AddParameter): Name = "IC (max)"; Value = "100A mA"; VariantName = "[No Variations]"
Add component (AddParameter): Name = "ICBO (max)"; Value = "15A nA"; VariantName = "[No Variations]"
Add component (AddParameter): Name = "ICM (max)"; Value = "200A mA"; VariantName = "[No Variations]"
Add component (AddParameter): Name = "Manufacturer"; Value = "Infineon"; VariantName = "[No Variations]"
Add component (AddParameter): Name = "Mounting Technology"; Value = "Surface Mount"; VariantName = "[No Variations]"
Add component (AddParameter): Name = "PackageDescription"; Value = "3-Pin Small Outline Transistor Package, 1.3 x 2.9 mm Body, 0.95 mm Pitch"; VariantName = "[No Variations]"
Add component (AddParameter): Name = "PackageReference"; Value = "SOT23"; VariantName = "[No Variations]"
Add component (AddParameter): Name = "PackageVersion"; Value = "Apr-08"; VariantName = "[No Variations]"
Add component (AddParameter): Name = "Packing"; Value = "Reel"; VariantName = "[No Variations]"
Add component (AddParameter): Name = "PartNumber"; Value = "BC847C"; VariantName = "[No Variations]"
Add component (AddParameter): Name = "Polarity"; Value = "NPN"; VariantName = "[No Variations]"
Add component (AddParameter): Name = "Ptot (max)"; Value = "330A mW"; VariantName = "[No Variations]"
Add component (AddParameter): Name = "VCBO (max)"; Value = "50A V"; VariantName = "[No Variations]"
Add component (AddParameter): Name = "VCEO (max)"; Value = "45A V"; VariantName = "[No Variations]"
Add component (AddParameter): Name = "VEBO (max)"; Value = "6A V"; VariantName = "[No Variations]"
Added Component: Designator=U3(SOIC127P600X175-8N)
Added Pin To Net: NetName=NetQ1_1 Pin=Q1-1
Added Pin To Net: NetName=GND Pin=Q1-2
Added Pin To Net: NetName=NetD9_2 Pin=Q1-3
Added Pin To Net: NetName=NetR6_1 Pin=U3-1
Added Pin To Net: NetName=NetR6_2 Pin=U3-2
Added Pin To Net: NetName=NetR6_1 Pin=U3-3
Added Pin To Net: NetName=NetR6_2 Pin=U3-4
Added Pin To Net: NetName=NetD2_2 Pin=U3-5
Added Pin To Net: NetName=NetD2_2 Pin=U3-6
Added Pin To Net: NetName=NetD2_1 Pin=U3-7
Added Pin To Net: NetName=NetD2_1 Pin=U3-8
Added Member To Class: ClassName=Main_board Member=Component Q1 BC847C
Added Member To Class: ClassName=Main_board Member=Component U3 IRF9362
