Removed Pin From Net: NetName=NetC10_1 Pin=C10-1
Removed Pin From Net: NetName=NetC10_1 Pin=C11-1
Removed Pin From Net: NetName=NetC10_1 Pin=VT1-3
Added Component: Designator=D?(SOD2513X120N)
Add component (AddParameter): Name = "Code_JEDEC"; Value = "DO-204-AH"; VariantName = "[No Variations]"
Add component (AddParameter): Name = "ComponentLink1Description"; Value = "Manufacturer Link"; VariantName = "[No Variations]"
Add component (AddParameter): Name = "ComponentLink1URL"; Value = "http://www.fairchildsemi.com/"; VariantName = "[No Variations]"
Add component (AddParameter): Name = "ComponentLink2Description"; Value = "Datasheet"; VariantName = "[No Variations]"
Add component (AddParameter): Name = "ComponentLink2URL"; Value = "http://www.fairchildsemi.com/ds/1N%2F1N4148.pdf"; VariantName = "[No Variations]"
Add component (AddParameter): Name = "DatasheetVersion"; Value = "1997"; VariantName = "[No Variations]"
Add component (AddParameter): Name = "LatestRevisionDate"; Value = "17-Jul-2002"; VariantName = "[No Variations]"
Add component (AddParameter): Name = "LatestRevisionNote"; Value = "Re-released for DXP Platform."; VariantName = "[No Variations]"
Add component (AddParameter): Name = "PackageDescription"; Value = "Diode, Axial; Body 3.8 x 1.9 mm (LxDia. max), Lead Dia. 0.53 mm (max)"; VariantName = "[No Variations]"
Add component (AddParameter): Name = "PackageReference"; Value = "DO-35"; VariantName = "[No Variations]"
Add component (AddParameter): Name = "Published"; Value = "8-Jun-2000"; VariantName = "[No Variations]"
Add component (AddParameter): Name = "Publisher"; Value = "Altium Limited"; VariantName = "[No Variations]"
Added Component: Designator=VD1(SOD2513X120N)
Add component (AddParameter): Name = "ComponentDescription"; Value = "Диод Зенера (стабилитрон), BZM55 4V3, SOD2513X120N"; VariantName = "[No Variations]"
Add component (AddParameter): Name = "ComponentName"; Value = "BZM55"; VariantName = "[No Variations]"
Add component (AddParameter): Name = "ComponentType"; Value = "Диод Зенера (стабилитрон)"; VariantName = "[No Variations]"
Add component (AddParameter): Name = "Package"; Value = "SOD2513X120N"; VariantName = "[No Variations]"
Added Pin To Net: NetName=NetC10_1 Pin=D?-2
Change Net Name : Old Net Name=NetC10_1 New Net Name=NetD?_2
Added Pin To Net: NetName=NetC10_1 Pin=C10-1
Added Pin To Net: NetName=NetC10_1 Pin=C11-1
Added Pin To Net: NetName=NetC10_1 Pin=D?-1
Added Pin To Net: NetName=NetC10_1 Pin=VT1-3
Added Net: Name=NetC10_1
Added Member To Class: ClassName=Main_board Member=Component D? Diode 1N4148
Added Member To Class: ClassName=Main_board Member=Component VD1 4V3
