Change Component Comment : Designator=R15 Old Comment=RC0805FR-07100KL New Comment=200
Change Component Description : Designator=R15 Old Description= New Description=200
Added Component: Designator=D2(SOT95P237X112-3N)
Add component (AddParameter): Name = "ComponentLink1Description"; Value = "Manufacturer URL"; VariantName = "[No Variations]"
Add component (AddParameter): Name = "ComponentLink1URL"; Value = "http://www.onsemi.com/"; VariantName = "[No Variations]"
Add component (AddParameter): Name = "ComponentLink2Description"; Value = "Datasheet"; VariantName = "[No Variations]"
Add component (AddParameter): Name = "ComponentLink2URL"; Value = "http://www.onsemi.com/pub_link/Collateral/MMBZ5V6ALT1-D.PDF"; VariantName = "[No Variations]"
Add component (AddParameter): Name = "ComponentLink3Description"; Value = "Package Specification"; VariantName = "[No Variations]"
Add component (AddParameter): Name = "ComponentLink3URL"; Value = "http://www.onsemi.cn/pub_link/Collateral/318-08.PDF"; VariantName = "[No Variations]"
Add component (AddParameter): Name = "DatasheetVersion"; Value = "Rev. 13"; VariantName = "[No Variations]"
Add component (AddParameter): Name = "Direction"; Value = "Unidirectional"; VariantName = "[No Variations]"
Add component (AddParameter): Name = "IR Max (uA)"; Value = "0.2"; VariantName = "[No Variations]"
Add component (AddParameter): Name = "Manufacturer"; Value = "On Semiconductor"; VariantName = "[No Variations]"
Add component (AddParameter): Name = "Mounting Technology"; Value = "Surface Mount"; VariantName = "[No Variations]"
Add component (AddParameter): Name = "PackageDescription"; Value = "3-Pin Small Outline Transistor, Body 2.92 x 1.3 mm, Pitch 0.95 mm"; VariantName = "[No Variations]"
Add component (AddParameter): Name = "PackageReference"; Value = "SOT-23-3-318-08"; VariantName = "[No Variations]"
Add component (AddParameter): Name = "PackageVersion"; Value = "Rev. AP, 11/2009"; VariantName = "[No Variations]"
Add component (AddParameter): Name = "Packing"; Value = "Tape and Reel"; VariantName = "[No Variations]"
Add component (AddParameter): Name = "PartNumber"; Value = "MMBZ12VALT1G"; VariantName = "[No Variations]"
Add component (AddParameter): Name = "PPK Max (W)"; Value = "40"; VariantName = "[No Variations]"
Add component (AddParameter): Name = "RoHS"; Value = "Pb-Free"; VariantName = "[No Variations]"
Add component (AddParameter): Name = "V(BR) Typ (V)"; Value = "12"; VariantName = "[No Variations]"
Added Component: Designator=D7(Wurth_Electronics_0_MFG)
Added Component: Designator=D8(LED_GREEN)
Added Component: Designator=D11(SODFL1608X70N)
Add component (AddParameter): Name = "Arrow Part Number"; Value = "ESD5Z3.3T1G"; VariantName = "[No Variations]"
Add component (AddParameter): Name = "Arrow Price/Stock"; Value = "https://www.arrow.com/en/products/esd5z3.3t1g/on-semiconductor?region=nac"; VariantName = "[No Variations]"
Add component (AddParameter): Name = "Datasheet Link"; Value = "http://www.onsemi.com/pub/Collateral/ESD5Z2.5T1-D.PDF"; VariantName = "[No Variations]"
Add component (AddParameter): Name = "Height"; Value = "0.7mm"; VariantName = "[No Variations]"
Add component (AddParameter): Name = "Manufacturer_Name"; Value = "onsemi"; VariantName = "[No Variations]"
Add component (AddParameter): Name = "Manufacturer_Part_Number"; Value = "ESD5Z3.3T1G"; VariantName = "[No Variations]"
Add component (AddParameter): Name = "Mouser Part Number"; Value = "863-ESD5Z3.3T1G"; VariantName = "[No Variations]"
Add component (AddParameter): Name = "Mouser Price/Stock"; Value = "https://www.mouser.co.uk/ProductDetail/onsemi/ESD5Z3.3T1G?qs=OSf9jACorvaH3Y8oRWEcuQ%3D%3D"; VariantName = "[No Variations]"
Add component (AddParameter): Name = "Mouser Testing Part Number"; Value = ""; VariantName = "[No Variations]"
Add component (AddParameter): Name = "Mouser Testing Price/Stock"; Value = ""; VariantName = "[No Variations]"
Added Component: Designator=D12(SOT96P237X111-3N)
Add component (AddParameter): Name = "Arrow Part Number"; Value = "MMBZ18VALT1G"; VariantName = "[No Variations]"
Add component (AddParameter): Name = "Arrow Price/Stock"; Value = "https://www.arrow.com/en/products/mmbz18valt1g/on-semiconductor?region=nac"; VariantName = "[No Variations]"
Add component (AddParameter): Name = "Datasheet Link"; Value = "http://www.onsemi.com/pub/Collateral/MMBZ5V6ALT1-D.PDF"; VariantName = "[No Variations]"
Add component (AddParameter): Name = "Height"; Value = "1.11mm"; VariantName = "[No Variations]"
Add component (AddParameter): Name = "Manufacturer_Name"; Value = "onsemi"; VariantName = "[No Variations]"
Add component (AddParameter): Name = "Manufacturer_Part_Number"; Value = "MMBZ18VALT1G"; VariantName = "[No Variations]"
Add component (AddParameter): Name = "Mouser Part Number"; Value = "863-MMBZ18VALT1G"; VariantName = "[No Variations]"
Add component (AddParameter): Name = "Mouser Price/Stock"; Value = "https://www.mouser.co.uk/ProductDetail/onsemi/MMBZ18VALT1G?qs=P4IOph%252Bbot%2FsQhAwlVscLg%3D%3D"; VariantName = "[No Variations]"
Add component (AddParameter): Name = "Mouser Testing Part Number"; Value = ""; VariantName = "[No Variations]"
Add component (AddParameter): Name = "Mouser Testing Price/Stock"; Value = ""; VariantName = "[No Variations]"
Added Component: Designator=R19(6-0805_M)
Added Component: Designator=R20(6-0805_M)
Added Pin To Net: NetName=NetD2_1 Pin=D2-1
Added Pin To Net: NetName=NetD2_2 Pin=D2-2
Added Pin To Net: NetName=GND Pin=D2-3
Added Pin To Net: NetName=GND Pin=D7-1
Added Pin To Net: NetName=GND Pin=D8-1
Added Pin To Net: NetName=GND Pin=J4-6
Added Pin To Net: NetName=GND Pin=U2-3
Added Pin To Net: NetName=NetD1_1 Pin=J4-1
Added Net: Name=NetD1_1
Added Pin To Net: NetName=NetD7_2 Pin=D7-2
Added Pin To Net: NetName=NetD7_2 Pin=R19-1
Added Net: Name=NetD7_2
Added Pin To Net: NetName=NetD8_2 Pin=D8-2
Added Pin To Net: NetName=NetD8_2 Pin=R20-1
Added Net: Name=NetD8_2
Added Pin To Net: NetName=NetD11_1 Pin=D11-1
Added Pin To Net: NetName=NetD11_1 Pin=D12-1
Added Net: Name=NetD11_1
Added Pin To Net: NetName=NetJ4_2 Pin=J4-2
Added Net: Name=NetJ4_2
Added Pin To Net: NetName=NetJ4_3 Pin=J4-3
Added Net: Name=NetJ4_3
Added Pin To Net: NetName=NetJ4_4 Pin=J4-4
Added Net: Name=NetJ4_4
Added Pin To Net: NetName=NetJ4_5 Pin=J4-5
Added Net: Name=NetJ4_5
Added Pin To Net: NetName=NetR19_2 Pin=R19-2
Added Pin To Net: NetName=NetR19_2 Pin=U1-26
Added Net: Name=NetR19_2
Added Pin To Net: NetName=NetR20_2 Pin=R20-2
Added Pin To Net: NetName=NetR20_2 Pin=U1-27
Added Net: Name=NetR20_2
Added Member To Class: ClassName=Main_board Member=Component D2 MMBZ18VALT1G
Added Member To Class: ClassName=Main_board Member=Component D7 150080SS75000
Added Member To Class: ClassName=Main_board Member=Component D8 150080SS75000
Added Member To Class: ClassName=Main_board Member=Component D11 ESD5Z3.3T1G
Added Member To Class: ClassName=Main_board Member=Component D12 MMBZ18VALT1G
Added Member To Class: ClassName=Main_board Member=Component R19 200
Added Member To Class: ClassName=Main_board Member=Component R20 200
