Removed Pin From Net: NetName=NetD22_1 Pin=VT1-1
Removed Pin From Net: NetName=NetC9_1 Pin=VT1-2
Removed Pin From Net: NetName=NetC10_1 Pin=VT1-3
Removed Member From Class: ClassName=Main_board Member=VT1
Added Component: Designator=Q?(SOT23-3_ONS-M)
Add component (AddParameter): Name = "ComponentLink1Description"; Value = "Manufacturer URL"; VariantName = "[No Variations]"
Add component (AddParameter): Name = "ComponentLink1URL"; Value = "http://www.infineon.com/"; VariantName = "[No Variations]"
Add component (AddParameter): Name = "ComponentLink2Description"; Value = "Datasheet"; VariantName = "[No Variations]"
Add component (AddParameter): Name = "ComponentLink2URL"; Value = "http://www.infineon.com/dgdl/bc847series_bc848series_bc849series_bc850series.pdf?folderId=db3a304314dca389011541d30fa21656&fileId=db3a304314dca389011541d4630a1657"; VariantName = "[No Variations]"
Add component (AddParameter): Name = "ComponentLink3Description"; Value = "Package Specification"; VariantName = "[No Variations]"
Add component (AddParameter): Name = "ComponentLink3URL"; Value = "http://www.infineon.com/dgdl/SOT23-Package_Overview.pdf?folderId=db3a30431936bc4b0119532290053c66&fileId=db3a30431936bc4b0119533468123c85"; VariantName = "[No Variations]"
Add component (AddParameter): Name = "fT (typ)"; Value = "250A MHz"; VariantName = "[No Variations]"
Add component (AddParameter): Name = "Green"; Value = "TRUE"; VariantName = "[No Variations]"
Add component (AddParameter): Name = "IBM (max)"; Value = "200A mA"; VariantName = "[No Variations]"
Add component (AddParameter): Name = "IC (max)"; Value = "100A mA"; VariantName = "[No Variations]"
Add component (AddParameter): Name = "ICBO (max)"; Value = "15A nA"; VariantName = "[No Variations]"
Add component (AddParameter): Name = "ICM (max)"; Value = "200A mA"; VariantName = "[No Variations]"
Add component (AddParameter): Name = "Manufacturer"; Value = "Infineon"; VariantName = "[No Variations]"
Add component (AddParameter): Name = "Mounting Technology"; Value = "Surface Mount"; VariantName = "[No Variations]"
Add component (AddParameter): Name = "PackageDescription"; Value = "3-Pin Small Outline Transistor Package, 1.3 x 2.9 mm Body, 0.95 mm Pitch"; VariantName = "[No Variations]"
Add component (AddParameter): Name = "PackageReference"; Value = "SOT23"; VariantName = "[No Variations]"
Add component (AddParameter): Name = "PackageVersion"; Value = "Apr-08"; VariantName = "[No Variations]"
Add component (AddParameter): Name = "Packing"; Value = "Reel"; VariantName = "[No Variations]"
Add component (AddParameter): Name = "PartNumber"; Value = "BC847C"; VariantName = "[No Variations]"
Add component (AddParameter): Name = "Polarity"; Value = "NPN"; VariantName = "[No Variations]"
Add component (AddParameter): Name = "Ptot (max)"; Value = "330A mW"; VariantName = "[No Variations]"
Add component (AddParameter): Name = "VCBO (max)"; Value = "50A V"; VariantName = "[No Variations]"
Add component (AddParameter): Name = "VCEO (max)"; Value = "45A V"; VariantName = "[No Variations]"
Add component (AddParameter): Name = "VEBO (max)"; Value = "6A V"; VariantName = "[No Variations]"
Added Pin To Net: NetName=NetD22_1 Pin=Q?-1
Added Pin To Net: NetName=NetC10_1 Pin=Q?-2
Added Pin To Net: NetName=NetC9_1 Pin=Q?-3
Added Member To Class: ClassName=Main_board Member=Component Q? BC847C
